2025-06-06 16:56:33,375 [INFO] Downloading repository archive...
2025-06-06 16:56:43,423 [INFO] Downloading repository archive...
2025-06-06 17:23:49,729 [INFO] Checking key files...
2025-06-06 17:23:50,376 [ERROR] Failed to fetch filelist.txt: 404 Client Error: Not Found for url: https://raw.githubusercontent.com/horukomesu/3dsMaxToolbarPython/main/filelist.txt
2025-06-06 17:23:50,381 [ERROR] No key file list fetched!
2025-06-06 17:27:31,624 [INFO] Checking key files...
2025-06-06 17:27:32,211 [INFO] All key files are present.
2025-06-06 17:27:39,806 [INFO] Checking key files...
2025-06-06 17:27:40,298 [WARNING] Missing key files: ['majestic_main.ui']
2025-06-06 17:27:40,302 [INFO] Downloading repository archive...
2025-06-06 17:27:42,153 [INFO] Recovered missing file: majestic_main.ui
2025-06-06 17:27:42,157 [INFO] Recovered files: ['majestic_main.ui']
2025-06-06 17:30:55,621 [INFO] Checking key files...
2025-06-06 17:30:55,934 [INFO] All key files are present.
2025-06-06 17:31:04,071 [INFO] Checking key files...
2025-06-06 17:31:04,433 [WARNING] Missing key files: ['majestic_main.ui']
2025-06-06 17:31:04,439 [INFO] Downloading repository archive...
2025-06-06 17:31:06,032 [INFO] Recovered missing file: majestic_main.ui
2025-06-06 17:31:06,037 [INFO] Recovered files: ['majestic_main.ui']
2025-06-06 17:32:08,800 [INFO] Checking key files...
2025-06-06 17:32:09,289 [INFO] All key files are present.
2025-06-06 17:32:18,750 [INFO] Checking key files...
2025-06-06 17:32:19,266 [WARNING] Missing key files: ['majestic_main.ui']
2025-06-06 17:32:21,342 [INFO] Downloading repository archive...
2025-06-06 17:32:33,056 [INFO] Recovered missing file: majestic_main.ui
2025-06-06 17:32:33,060 [INFO] Recovered files: ['majestic_main.ui']
